0 info it worked if it ends with ok
1 verbose cli [ '/Users/jedwards/.nvm/versions/node/v6.9.1/bin/node',
1 verbose cli   '/Users/jedwards/.nvm/versions/node/v6.9.1/bin/npm',
1 verbose cli   'publish' ]
2 info using npm@3.10.8
3 info using node@v6.9.1
4 verbose publish [ '.' ]
5 silly cache add args [ '.', null ]
6 verbose cache add spec .
7 silly cache add parsed spec Result {
7 silly cache add   raw: '.',
7 silly cache add   scope: null,
7 silly cache add   escapedName: null,
7 silly cache add   name: null,
7 silly cache add   rawSpec: '.',
7 silly cache add   spec: '/Users/jedwards/sites/cli-rxss',
7 silly cache add   type: 'directory' }
8 verbose addLocalDirectory /Users/jedwards/.npm/cli-rxss/1.2.0/package.tgz not in flight; packing
9 verbose correctMkdir /Users/jedwards/.npm correctMkdir not in flight; initializing
10 info lifecycle cli-rxss@1.2.0~prepublish: cli-rxss@1.2.0
11 silly lifecycle cli-rxss@1.2.0~prepublish: no script for prepublish, continuing
12 verbose tar pack [ '/Users/jedwards/.npm/cli-rxss/1.2.0/package.tgz',
12 verbose tar pack   '/Users/jedwards/sites/cli-rxss' ]
13 verbose tarball /Users/jedwards/.npm/cli-rxss/1.2.0/package.tgz
14 verbose folder /Users/jedwards/sites/cli-rxss
15 verbose addLocalTarball adding from inside cache /Users/jedwards/.npm/cli-rxss/1.2.0/package.tgz
16 verbose correctMkdir /Users/jedwards/.npm correctMkdir not in flight; initializing
17 silly cache afterAdd cli-rxss@1.2.0
18 verbose afterAdd /Users/jedwards/.npm/cli-rxss/1.2.0/package/package.json not in flight; writing
19 verbose correctMkdir /Users/jedwards/.npm correctMkdir not in flight; initializing
20 verbose afterAdd /Users/jedwards/.npm/cli-rxss/1.2.0/package/package.json written
21 silly publish { name: 'cli-rxss',
21 silly publish   version: '1.2.0',
21 silly publish   description: 'Cli for white-label app',
21 silly publish   main: 'index.js',
21 silly publish   author: { name: 'Joshua Edwards' },
21 silly publish   license: 'MIT',
21 silly publish   dependencies:
21 silly publish    { 'app-root-path': '^2.0.1',
21 silly publish      commander: '^2.9.0',
21 silly publish      shelljs: '^0.7.5',
21 silly publish      yargs: '^6.5.0' },
21 silly publish   bin: { rxss: 'bin/execute.js' },
21 silly publish   gitHead: '2026a60022f80044d7c800a25f2f970861e1e8a0',
21 silly publish   readme: 'ERROR: No README data found!',
21 silly publish   _id: 'cli-rxss@1.2.0',
21 silly publish   scripts: {},
21 silly publish   _shasum: '955a865c135dda9c4100aa4d7516c4707828e177',
21 silly publish   _from: '.' }
22 verbose getPublishConfig undefined
23 silly mapToRegistry name cli-rxss
24 silly mapToRegistry using default registry
25 silly mapToRegistry registry https://registry.npmjs.org/
26 silly mapToRegistry data Result {
26 silly mapToRegistry   raw: 'cli-rxss',
26 silly mapToRegistry   scope: null,
26 silly mapToRegistry   escapedName: 'cli-rxss',
26 silly mapToRegistry   name: 'cli-rxss',
26 silly mapToRegistry   rawSpec: '',
26 silly mapToRegistry   spec: 'latest',
26 silly mapToRegistry   type: 'tag' }
27 silly mapToRegistry uri https://registry.npmjs.org/cli-rxss
28 verbose publish registryBase https://registry.npmjs.org/
29 silly publish uploading /Users/jedwards/.npm/cli-rxss/1.2.0/package.tgz
30 verbose request uri https://registry.npmjs.org/cli-rxss
31 verbose request sending authorization for write operation
32 info attempt registry request try #1 at 12:06:14 PM
33 verbose request using bearer token for auth
34 verbose request id 40ac4243388ab98e
35 http request PUT https://registry.npmjs.org/cli-rxss
36 http 403 https://registry.npmjs.org/cli-rxss
37 verbose headers { 'content-type': 'application/json',
37 verbose headers   'cache-control': 'max-age=300',
37 verbose headers   'content-length': '95',
37 verbose headers   'accept-ranges': 'bytes',
37 verbose headers   date: 'Thu, 08 Dec 2016 18:06:15 GMT',
37 verbose headers   via: '1.1 varnish',
37 verbose headers   connection: 'keep-alive',
37 verbose headers   'x-served-by': 'cache-ord1724-ORD',
37 verbose headers   'x-cache': 'MISS',
37 verbose headers   'x-cache-hits': '0',
37 verbose headers   'x-timer': 'S1481220374.574845,VS0,VE583',
37 verbose headers   vary: 'Accept-Encoding' }
38 verbose request invalidating /Users/jedwards/.npm/registry.npmjs.org/cli-rxss on PUT
39 error publish Failed PUT 403
40 verbose stack Error: "You cannot publish over the previously published version 1.2.0." : cli-rxss
40 verbose stack     at makeError (/Users/jedwards/.nvm/versions/node/v6.9.1/lib/node_modules/npm/node_modules/npm-registry-client/lib/request.js:302:12)
40 verbose stack     at CachingRegistryClient.<anonymous> (/Users/jedwards/.nvm/versions/node/v6.9.1/lib/node_modules/npm/node_modules/npm-registry-client/lib/request.js:290:14)
40 verbose stack     at Request._callback (/Users/jedwards/.nvm/versions/node/v6.9.1/lib/node_modules/npm/node_modules/npm-registry-client/lib/request.js:210:14)
40 verbose stack     at Request.self.callback (/Users/jedwards/.nvm/versions/node/v6.9.1/lib/node_modules/npm/node_modules/request/request.js:187:22)
40 verbose stack     at emitTwo (events.js:106:13)
40 verbose stack     at Request.emit (events.js:191:7)
40 verbose stack     at Request.<anonymous> (/Users/jedwards/.nvm/versions/node/v6.9.1/lib/node_modules/npm/node_modules/request/request.js:1044:10)
40 verbose stack     at emitOne (events.js:96:13)
40 verbose stack     at Request.emit (events.js:188:7)
40 verbose stack     at IncomingMessage.<anonymous> (/Users/jedwards/.nvm/versions/node/v6.9.1/lib/node_modules/npm/node_modules/request/request.js:965:12)
41 verbose statusCode 403
42 verbose pkgid cli-rxss
43 verbose cwd /Users/jedwards/sites/cli-rxss
44 error Darwin 16.1.0
45 error argv "/Users/jedwards/.nvm/versions/node/v6.9.1/bin/node" "/Users/jedwards/.nvm/versions/node/v6.9.1/bin/npm" "publish"
46 error node v6.9.1
47 error npm  v3.10.8
48 error code E403
49 error "You cannot publish over the previously published version 1.2.0." : cli-rxss
50 error If you need help, you may report this error at:
50 error     <https://github.com/npm/npm/issues>
51 verbose exit [ 1, true ]
